C:\Users\Administrator\Anaconda3\python.exe C:/Users/Administrator/Github/ToySampleDL/bool1l.py
C:\Users\Administrator\Anaconda3\lib\site-packages\torch\nn\modules\loss.py:94: UserWarning: Using a target size (torch.Size([])) that is different to the input size (torch.Size([1])). This will likely lead to incorrect results due to broadcasting. Please ensure they have the same size.
  return F.l1_loss(input, target, reduction=self.reduction)
Test Loss: 0.2502466023724992
Accuracy: 75.0%
and: sigmoid(tensor([-0.3445,  0.5274], grad_fn=<SelectBackward>)((ReLU(WI:tensor([-0.2877,  0.4697], grad_fn=<SelectBackward>) + b:-0.181975319981575)) + -7.565769195556641)

Test Loss: 0.25
Accuracy: 75.0%
and: relu(tensor([0.0262, 0.2795], grad_fn=<SelectBackward>)((ReLU(WI:tensor([ 0.1871, -0.2137], grad_fn=<SelectBackward>) + b:-0.4683041572570801)) + -0.0057196542620658875)

Test Loss: 0.0003082135517615825
Accuracy: 100.0%
or: sigmoid(tensor([-0.1140,  4.8304], grad_fn=<SelectBackward>)((ReLU(WI:tensor([-0.4794, -0.3079], grad_fn=<SelectBackward>) + b:-0.14552271366119385)) + -6.776328086853027)

Test Loss: 0.75
Accuracy: 25.0%
or: relu(tensor([-0.3255, -0.4940], grad_fn=<SelectBackward>)((ReLU(WI:tensor([-0.6560, -0.4452], grad_fn=<SelectBackward>) + b:0.6109407544136047)) + -0.6622486114501953)

Test Loss: 0.2500493146289955
Accuracy: 75.0%
xor: sigmoid(tensor([ 3.7210, -3.8403], grad_fn=<SelectBackward>)((ReLU(WI:tensor([-2.6822,  2.6830], grad_fn=<SelectBackward>) + b:-0.0008165434701368213)) + -0.6450079679489136)

Test Loss: 0.008848518133163452
Accuracy: 100.0%
xor: relu(tensor([0.8333, 0.8458], grad_fn=<SelectBackward>)((ReLU(WI:tensor([-1.2173,  1.1943], grad_fn=<SelectBackward>) + b:-0.02260390855371952)) + -0.00447489507496357)


Process finished with exit code 0
