C:\Users\Administrator\Anaconda3\python.exe C:/Users/Administrator/Github/ToySampleDL/greater1l.py
Epoch: 0/100
Batch Loss:-1.3670560009963997
Test Loss: -0.36434316635131836
Accuracy: 20.000000298023224%
Epoch: 1/100
Batch Loss:-1.3768078462855593
Test Loss: -0.38177651166915894
Accuracy: 50.0%
Epoch: 2/100
Batch Loss:-1.3849621448251936
Test Loss: -0.3757990002632141
Accuracy: 30.000001192092896%
Epoch: 3/100
Batch Loss:-1.392001028443958
Test Loss: -0.3998268246650696
Accuracy: 60.00000238418579%
Epoch: 4/100
Batch Loss:-1.3980753743970715
Test Loss: -0.39438048005104065
Accuracy: 40.00000059604645%
Epoch: 5/100
Batch Loss:-1.4032414621478684
Test Loss: -0.4285376965999603
Accuracy: 69.9999988079071%
Epoch: 6/100
Batch Loss:-1.40773208029158
Test Loss: -0.4297615587711334
Accuracy: 69.9999988079071%
Epoch: 7/100
Batch Loss:-1.4117342834179107
Test Loss: -0.42937493324279785
Accuracy: 69.9999988079071%
Epoch: 8/100
Batch Loss:-1.4154994058179426
Test Loss: -0.4153905510902405
Accuracy: 50.0%
Epoch: 9/100
Batch Loss:-1.4192303957285226
Test Loss: -0.4014225900173187
Accuracy: 40.00000059604645%
Epoch: 10/100
Batch Loss:-1.4230326871435206
Test Loss: -0.45726490020751953
Accuracy: 80.0000011920929%
Epoch: 11/100
Batch Loss:-1.4271414638818563
Test Loss: -0.3941493034362793
Accuracy: 30.000001192092896%
Epoch: 12/100
Batch Loss:-1.431286659087982
Test Loss: -0.4369398057460785
Accuracy: 69.9999988079071%
Epoch: 13/100
Batch Loss:-1.4355848689337034
Test Loss: -0.40046969056129456
Accuracy: 40.00000059604645%
Epoch: 14/100
Batch Loss:-1.4397593075269692
Test Loss: -0.4751811921596527
Accuracy: 80.0000011920929%
Epoch: 15/100
Batch Loss:-1.4439576542055286
Test Loss: -0.4544034004211426
Accuracy: 60.00000238418579%
Epoch: 16/100
Batch Loss:-1.448016582577078
Test Loss: -0.45970234274864197
Accuracy: 89.99999761581421%
Epoch: 17/100
Batch Loss:-1.4519570590974809
Test Loss: -0.43830856680870056
Accuracy: 60.00000238418579%
Epoch: 18/100
Batch Loss:-1.4557249821401812
Test Loss: -0.4414662718772888
Accuracy: 60.00000238418579%
Epoch: 19/100
Batch Loss:-1.4593371717898815
Test Loss: -0.46781620383262634
Accuracy: 69.9999988079071%
Epoch: 20/100
Batch Loss:-1.4628653906964444
Test Loss: -0.4496096670627594
Accuracy: 80.0000011920929%
Epoch: 21/100
Batch Loss:-1.4662668085671045
Test Loss: -0.44388437271118164
Accuracy: 69.9999988079071%
Epoch: 22/100
Batch Loss:-1.469528095440583
Test Loss: -0.49210745096206665
Accuracy: 100.0%
Epoch: 23/100
Batch Loss:-1.4727910090316165
Test Loss: -0.4613329768180847
Accuracy: 89.99999761581421%
Epoch: 24/100
Batch Loss:-1.4759361197998575
Test Loss: -0.4880218505859375
Accuracy: 100.0%
Epoch: 25/100
Batch Loss:-1.4790849736085288
Test Loss: -0.4627508521080017
Accuracy: 89.99999761581421%
Epoch: 26/100
Batch Loss:-1.4821179918161742
Test Loss: -0.5104514360427856
Accuracy: 100.0%
Epoch: 27/100
Batch Loss:-1.4851650280637427
Test Loss: -0.4971361756324768
Accuracy: 100.0%
Epoch: 28/100
Batch Loss:-1.488172197216624
Test Loss: -0.47701311111450195
Accuracy: 89.99999761581421%
Epoch: 29/100
Batch Loss:-1.491097016377492
Test Loss: -0.48234525322914124
Accuracy: 89.99999761581421%
Epoch: 30/100
Batch Loss:-1.4939617548022304
Test Loss: -0.47835636138916016
Accuracy: 89.99999761581421%
Epoch: 31/100
Batch Loss:-1.4967400166425142
Test Loss: -0.4825286865234375
Accuracy: 89.99999761581421%
Epoch: 32/100
Batch Loss:-1.4994230553492889
Test Loss: -0.48824843764305115
Accuracy: 100.0%
Epoch: 33/100
Batch Loss:-1.5020044357091695
Test Loss: -0.49451524019241333
Accuracy: 89.99999761581421%
Epoch: 34/100
Batch Loss:-1.5044911093301363
Test Loss: -0.4833339750766754
Accuracy: 89.99999761581421%
Epoch: 35/100
Batch Loss:-1.506821061576809
Test Loss: -0.518288791179657
Accuracy: 89.99999761581421%
Epoch: 36/100
Batch Loss:-1.5090574373354066
Test Loss: -0.5297812223434448
Accuracy: 100.0%
Epoch: 37/100
Batch Loss:-1.511201143563092
Test Loss: -0.5127193331718445
Accuracy: 89.99999761581421%
Epoch: 38/100
Batch Loss:-1.5132275643768731
Test Loss: -0.5041975975036621
Accuracy: 100.0%
Epoch: 39/100
Batch Loss:-1.515107202846128
Test Loss: -0.5306736826896667
Accuracy: 100.0%
Epoch: 40/100
Batch Loss:-1.5168980322740935
Test Loss: -0.539186418056488
Accuracy: 100.0%
Epoch: 41/100
Batch Loss:-1.5186453675841904
Test Loss: -0.4901564121246338
Accuracy: 100.0%
Epoch: 42/100
Batch Loss:-1.520220580342057
Test Loss: -0.5226736664772034
Accuracy: 100.0%
Epoch: 43/100
Batch Loss:-1.5217312173144117
Test Loss: -0.5338032245635986
Accuracy: 100.0%
Epoch: 44/100
Batch Loss:-1.5231634621565289
Test Loss: -0.5358425378799438
Accuracy: 100.0%
Epoch: 45/100
Batch Loss:-1.5245187573425762
Test Loss: -0.5318232178688049
Accuracy: 100.0%
Epoch: 46/100
Batch Loss:-1.5257893852643423
Test Loss: -0.5400046110153198
Accuracy: 100.0%
Epoch: 47/100
Batch Loss:-1.527008885556871
Test Loss: -0.5368191003799438
Accuracy: 100.0%
Epoch: 48/100
Batch Loss:-1.5281506197170929
Test Loss: -0.5521761178970337
Accuracy: 100.0%
Epoch: 49/100
Batch Loss:-1.5292642409796708
Test Loss: -0.5256198644638062
Accuracy: 100.0%
Epoch: 50/100
Batch Loss:-1.5303005525717386
Test Loss: -0.5278760194778442
Accuracy: 89.99999761581421%
Epoch: 51/100
Batch Loss:-1.5312902774956372
Test Loss: -0.5230281949043274
Accuracy: 100.0%
Epoch: 52/100
Batch Loss:-1.5322028848382685
Test Loss: -0.5497883558273315
Accuracy: 100.0%
Epoch: 53/100
Batch Loss:-1.5331209861003123
Test Loss: -0.5274552702903748
Accuracy: 100.0%
Epoch: 54/100
Batch Loss:-1.53395724755985
Test Loss: -0.5441354513168335
Accuracy: 100.0%
Epoch: 55/100
Batch Loss:-1.5347699794444714
Test Loss: -0.5468863248825073
Accuracy: 100.0%
Epoch: 56/100
Batch Loss:-1.5355552668805357
Test Loss: -0.5398010015487671
Accuracy: 100.0%
Epoch: 57/100
Batch Loss:-1.5363034333314027
Test Loss: -0.5353928804397583
Accuracy: 100.0%
Epoch: 58/100
Batch Loss:-1.5370217411666065
Test Loss: -0.5336070656776428
Accuracy: 100.0%
Epoch: 59/100
Batch Loss:-1.5377126225122102
Test Loss: -0.5252401232719421
Accuracy: 100.0%
Epoch: 60/100
Batch Loss:-1.5383705800181038
Test Loss: -0.5152495503425598
Accuracy: 89.99999761581421%
Epoch: 61/100
Batch Loss:-1.538970346714522
Test Loss: -0.5452422499656677
Accuracy: 100.0%
Epoch: 62/100
Batch Loss:-1.5395780551481295
Test Loss: -0.5428129434585571
Accuracy: 100.0%
Epoch: 63/100
Batch Loss:-1.5401500888892241
Test Loss: -0.5459665060043335
Accuracy: 100.0%
Epoch: 64/100
Batch Loss:-1.5407384273347196
Test Loss: -0.5160306692123413
Accuracy: 100.0%
Epoch: 65/100
Batch Loss:-1.541263130990354
Test Loss: -0.5306215882301331
Accuracy: 100.0%
Epoch: 66/100
Batch Loss:-1.5417974100814567
Test Loss: -0.5177353620529175
Accuracy: 100.0%
Epoch: 67/100
Batch Loss:-1.5422478653826155
Test Loss: -0.5580430030822754
Accuracy: 100.0%
Epoch: 68/100
Batch Loss:-1.542753806402972
Test Loss: -0.5308408141136169
Accuracy: 100.0%
Epoch: 69/100
Batch Loss:-1.543215558544413
Test Loss: -0.5354939103126526
Accuracy: 100.0%
Epoch: 70/100
Batch Loss:-1.5436612604795634
Test Loss: -0.539707362651825
Accuracy: 100.0%
Epoch: 71/100
Batch Loss:-1.5440794523354169
Test Loss: -0.5525383949279785
Accuracy: 100.0%
Epoch: 72/100
Batch Loss:-1.5445313766613618
Test Loss: -0.5439630746841431
Accuracy: 100.0%
Epoch: 73/100
Batch Loss:-1.5449158353311523
Test Loss: -0.5381267070770264
Accuracy: 100.0%
Epoch: 74/100
Batch Loss:-1.545314557499833
Test Loss: -0.5373043417930603
Accuracy: 100.0%
Epoch: 75/100
Batch Loss:-1.5457096744526375
Test Loss: -0.5277097821235657
Accuracy: 100.0%
Epoch: 76/100
Batch Loss:-1.546049348883204
Test Loss: -0.5502909421920776
Accuracy: 100.0%
Epoch: 77/100
Batch Loss:-1.5464387848391548
Test Loss: -0.5252414345741272
Accuracy: 100.0%
Epoch: 78/100
Batch Loss:-1.5467499691444833
Test Loss: -0.5677497386932373
Accuracy: 100.0%
Epoch: 79/100
Batch Loss:-1.5470892719857328
Test Loss: -0.5524657964706421
Accuracy: 100.0%
Epoch: 80/100
Batch Loss:-1.5474122235844203
Test Loss: -0.5585355162620544
Accuracy: 100.0%
Epoch: 81/100
Batch Loss:-1.5477254742437654
Test Loss: -0.5649653077125549
Accuracy: 100.0%
Epoch: 82/100
Batch Loss:-1.5480470276988663
Test Loss: -0.5546973943710327
Accuracy: 100.0%
Epoch: 83/100
Batch Loss:-1.5483628530819733
Test Loss: -0.5415980815887451
Accuracy: 100.0%
Epoch: 84/100
Batch Loss:-1.548686801909923
Test Loss: -0.5164653062820435
Accuracy: 100.0%
Epoch: 85/100
Batch Loss:-1.5489385566255591
Test Loss: -0.5379493832588196
Accuracy: 100.0%
Epoch: 86/100
Batch Loss:-1.5491969259651572
Test Loss: -0.5625079870223999
Accuracy: 100.0%
Epoch: 87/100
Batch Loss:-1.5495145856379509
Test Loss: -0.5145732164382935
Accuracy: 89.99999761581421%
Epoch: 88/100
Batch Loss:-1.549734533310414
Test Loss: -0.5558805465698242
Accuracy: 100.0%
Epoch: 89/100
Batch Loss:-1.5500049958596596
Test Loss: -0.5436998605728149
Accuracy: 100.0%
Epoch: 90/100
Batch Loss:-1.5502451293401651
Test Loss: -0.555925726890564
Accuracy: 100.0%
Epoch: 91/100
Batch Loss:-1.5504841181012363
Test Loss: -0.5603731274604797
Accuracy: 100.0%
Epoch: 92/100
Batch Loss:-1.550742490573211
Test Loss: -0.5417887568473816
Accuracy: 100.0%
Epoch: 93/100
Batch Loss:-1.5509679366995743
Test Loss: -0.5475139021873474
Accuracy: 100.0%
Epoch: 94/100
Batch Loss:-1.5511990181795947
Test Loss: -0.5480310916900635
Accuracy: 100.0%
Epoch: 95/100
Batch Loss:-1.551398952742358
Test Loss: -0.5670884847640991
Accuracy: 100.0%
Epoch: 96/100
Batch Loss:-1.5516336699863813
Test Loss: -0.5493413805961609
Accuracy: 100.0%
Epoch: 97/100
Batch Loss:-1.551828358564768
Test Loss: -0.5711821913719177
Accuracy: 100.0%
Epoch: 98/100
Batch Loss:-1.5520467875120758
Test Loss: -0.5665270686149597
Accuracy: 100.0%
Epoch: 99/100
Batch Loss:-1.5522370459558488
Test Loss: -0.567889928817749
Accuracy: 100.0%
OrderedDict([('WI.weight', tensor([[ 4.8136, -4.8682],
        [-0.5206,  0.1315]])), ('WI.bias', tensor([ 0.8224, -0.3779])), ('WO.weight', tensor([[ 4.5978, -0.4861],
        [-4.8759, -0.4244],
        [-1.8405,  0.4490]])), ('WO.bias', tensor([-3.0645,  4.3065, -3.7924]))])
torch.return_types.topk(
values=tensor([[0.5761]], grad_fn=<TopkBackward>),
indices=tensor([[0]]))

Process finished with exit code 0
